  Character.cpp
  CharacterKoopa.cpp
C:\Users\Toby\OneDrive - Staffordshire University\Year 1\Games Engine Creation\Visual Studio Files\Visual Studio Files\MarioProjectSource\MarioProjectSource\CharacterKoopa.cpp(15,47): warning C4244: '=': conversion from 'int' to 'float', possible loss of data
C:\Users\Toby\OneDrive - Staffordshire University\Year 1\Games Engine Creation\Visual Studio Files\Visual Studio Files\MarioProjectSource\MarioProjectSource\CharacterKoopa.cpp(16,46): warning C4244: '=': conversion from 'int' to 'float', possible loss of data
C:\Users\Toby\OneDrive - Staffordshire University\Year 1\Games Engine Creation\Visual Studio Files\Visual Studio Files\MarioProjectSource\MarioProjectSource\CharacterKoopa.cpp(46,18): warning C4244: 'initializing': conversion from 'float' to 'int', possible loss of data
C:\Users\Toby\OneDrive - Staffordshire University\Year 1\Games Engine Creation\Visual Studio Files\Visual Studio Files\MarioProjectSource\MarioProjectSource\CharacterKoopa.cpp(48,14): warning C4244: 'initializing': conversion from 'float' to 'int', possible loss of data
C:\Users\Toby\OneDrive - Staffordshire University\Year 1\Games Engine Creation\Visual Studio Files\Visual Studio Files\MarioProjectSource\MarioProjectSource\CharacterKoopa.cpp(50,48): warning C4838: conversion from 'float' to 'int' requires a narrowing conversion
C:\Users\Toby\OneDrive - Staffordshire University\Year 1\Games Engine Creation\Visual Studio Files\Visual Studio Files\MarioProjectSource\MarioProjectSource\CharacterKoopa.cpp(50,48): warning C4244: 'initializing': conversion from 'float' to 'int', possible loss of data
C:\Users\Toby\OneDrive - Staffordshire University\Year 1\Games Engine Creation\Visual Studio Files\Visual Studio Files\MarioProjectSource\MarioProjectSource\CharacterKoopa.cpp(50,68): warning C4838: conversion from 'float' to 'int' requires a narrowing conversion
C:\Users\Toby\OneDrive - Staffordshire University\Year 1\Games Engine Creation\Visual Studio Files\Visual Studio Files\MarioProjectSource\MarioProjectSource\CharacterKoopa.cpp(50,68): warning C4244: 'initializing': conversion from 'float' to 'int', possible loss of data
C:\Users\Toby\OneDrive - Staffordshire University\Year 1\Games Engine Creation\Visual Studio Files\Visual Studio Files\MarioProjectSource\MarioProjectSource\CharacterKoopa.cpp(53,67): warning C4838: conversion from 'float' to 'int' requires a narrowing conversion
C:\Users\Toby\OneDrive - Staffordshire University\Year 1\Games Engine Creation\Visual Studio Files\Visual Studio Files\MarioProjectSource\MarioProjectSource\CharacterKoopa.cpp(53,67): warning C4244: 'initializing': conversion from 'float' to 'int', possible loss of data
C:\Users\Toby\OneDrive - Staffordshire University\Year 1\Games Engine Creation\Visual Studio Files\Visual Studio Files\MarioProjectSource\MarioProjectSource\CharacterKoopa.cpp(53,87): warning C4838: conversion from 'float' to 'int' requires a narrowing conversion
C:\Users\Toby\OneDrive - Staffordshire University\Year 1\Games Engine Creation\Visual Studio Files\Visual Studio Files\MarioProjectSource\MarioProjectSource\CharacterKoopa.cpp(53,87): warning C4244: 'initializing': conversion from 'float' to 'int', possible loss of data
  CharacterMario.cpp
C:\Users\Toby\OneDrive - Staffordshire University\Year 1\Games Engine Creation\Visual Studio Files\Visual Studio Files\MarioProjectSource\MarioProjectSource\CharacterMario.cpp(11,44): warning C4244: '=': conversion from 'int' to 'float', possible loss of data
C:\Users\Toby\OneDrive - Staffordshire University\Year 1\Games Engine Creation\Visual Studio Files\Visual Studio Files\MarioProjectSource\MarioProjectSource\CharacterMario.cpp(12,43): warning C4244: '=': conversion from 'int' to 'float', possible loss of data
C:\Users\Toby\OneDrive - Staffordshire University\Year 1\Games Engine Creation\Visual Studio Files\Visual Studio Files\MarioProjectSource\MarioProjectSource\CharacterMario.cpp(23,11): warning C4244: 'initializing': conversion from 'float' to 'int', possible loss of data
C:\Users\Toby\OneDrive - Staffordshire University\Year 1\Games Engine Creation\Visual Studio Files\Visual Studio Files\MarioProjectSource\MarioProjectSource\CharacterMario.cpp(25,45): warning C4838: conversion from 'float' to 'int' requires a narrowing conversion
C:\Users\Toby\OneDrive - Staffordshire University\Year 1\Games Engine Creation\Visual Studio Files\Visual Studio Files\MarioProjectSource\MarioProjectSource\CharacterMario.cpp(25,45): warning C4244: 'initializing': conversion from 'float' to 'int', possible loss of data
C:\Users\Toby\OneDrive - Staffordshire University\Year 1\Games Engine Creation\Visual Studio Files\Visual Studio Files\MarioProjectSource\MarioProjectSource\CharacterMario.cpp(25,65): warning C4838: conversion from 'float' to 'int' requires a narrowing conversion
C:\Users\Toby\OneDrive - Staffordshire University\Year 1\Games Engine Creation\Visual Studio Files\Visual Studio Files\MarioProjectSource\MarioProjectSource\CharacterMario.cpp(25,65): warning C4244: 'initializing': conversion from 'float' to 'int', possible loss of data
C:\Users\Toby\OneDrive - Staffordshire University\Year 1\Games Engine Creation\Visual Studio Files\Visual Studio Files\MarioProjectSource\MarioProjectSource\CharacterMario.cpp(27,64): warning C4838: conversion from 'float' to 'int' requires a narrowing conversion
C:\Users\Toby\OneDrive - Staffordshire University\Year 1\Games Engine Creation\Visual Studio Files\Visual Studio Files\MarioProjectSource\MarioProjectSource\CharacterMario.cpp(27,64): warning C4244: 'initializing': conversion from 'float' to 'int', possible loss of data
C:\Users\Toby\OneDrive - Staffordshire University\Year 1\Games Engine Creation\Visual Studio Files\Visual Studio Files\MarioProjectSource\MarioProjectSource\CharacterMario.cpp(27,84): warning C4838: conversion from 'float' to 'int' requires a narrowing conversion
C:\Users\Toby\OneDrive - Staffordshire University\Year 1\Games Engine Creation\Visual Studio Files\Visual Studio Files\MarioProjectSource\MarioProjectSource\CharacterMario.cpp(27,84): warning C4244: 'initializing': conversion from 'float' to 'int', possible loss of data
  Collisions.cpp
  Generating Code...
LINK : warning LNK4075: ignoring '/INCREMENTAL' due to '/FORCE' specification
  MarioProjectSource.vcxproj -> C:\Users\Toby\OneDrive - Staffordshire University\Year 1\Games Engine Creation\Visual Studio Files\Visual Studio Files\MarioProjectSource\Debug\MarioProjectSource.exe
