c:\users\toby\onedrive - staffordshire university\year 1\games engine creation\visual studio files\visual studio files\marioprojectsource\marioprojectsource\debug\vc142.pdb
c:\users\toby\onedrive - staffordshire university\year 1\games engine creation\visual studio files\visual studio files\marioprojectsource\marioprojectsource\debug\vc142.idb
c:\users\toby\onedrive - staffordshire university\year 1\games engine creation\visual studio files\visual studio files\marioprojectsource\marioprojectsource\debug\uiobjects.obj
c:\users\toby\onedrive - staffordshire university\year 1\games engine creation\visual studio files\visual studio files\marioprojectsource\marioprojectsource\debug\texture2d.obj
c:\users\toby\onedrive - staffordshire university\year 1\games engine creation\visual studio files\visual studio files\marioprojectsource\marioprojectsource\debug\soundeffects.obj
c:\users\toby\onedrive - staffordshire university\year 1\games engine creation\visual studio files\visual studio files\marioprojectsource\marioprojectsource\debug\powblock.obj
c:\users\toby\onedrive - staffordshire university\year 1\games engine creation\visual studio files\visual studio files\marioprojectsource\marioprojectsource\debug\main.obj
c:\users\toby\onedrive - staffordshire university\year 1\games engine creation\visual studio files\visual studio files\marioprojectsource\marioprojectsource\debug\levelmap.obj
c:\users\toby\onedrive - staffordshire university\year 1\games engine creation\visual studio files\visual studio files\marioprojectsource\marioprojectsource\debug\gamescreenlevel2.obj
c:\users\toby\onedrive - staffordshire university\year 1\games engine creation\visual studio files\visual studio files\marioprojectsource\marioprojectsource\debug\gamescreenlevel1.obj
c:\users\toby\onedrive - staffordshire university\year 1\games engine creation\visual studio files\visual studio files\marioprojectsource\marioprojectsource\debug\gamescreen.obj
c:\users\toby\onedrive - staffordshire university\year 1\games engine creation\visual studio files\visual studio files\marioprojectsource\marioprojectsource\debug\collisions.obj
c:\users\toby\onedrive - staffordshire university\year 1\games engine creation\visual studio files\visual studio files\marioprojectsource\marioprojectsource\debug\charactermario.obj
c:\users\toby\onedrive - staffordshire university\year 1\games engine creation\visual studio files\visual studio files\marioprojectsource\marioprojectsource\debug\characterluigi.obj
c:\users\toby\onedrive - staffordshire university\year 1\games engine creation\visual studio files\visual studio files\marioprojectsource\marioprojectsource\debug\characterkoopa.obj
c:\users\toby\onedrive - staffordshire university\year 1\games engine creation\visual studio files\visual studio files\marioprojectsource\marioprojectsource\debug\charactercoin.obj
c:\users\toby\onedrive - staffordshire university\year 1\games engine creation\visual studio files\visual studio files\marioprojectsource\marioprojectsource\debug\character.obj
c:\users\toby\onedrive - staffordshire university\year 1\games engine creation\visual studio files\visual studio files\marioprojectsource\marioprojectsource\debug\gamescreenmanager.obj
c:\users\toby\onedrive - staffordshire university\year 1\games engine creation\visual studio files\visual studio files\marioprojectsource\marioprojectsource\debug\gamescreenstart.obj
c:\users\toby\onedrive - staffordshire university\year 1\games engine creation\visual studio files\visual studio files\marioprojectsource\marioprojectsource\debug\gamescreenlevel3.obj
c:\users\toby\onedrive - staffordshire university\year 1\games engine creation\visual studio files\visual studio files\marioprojectsource\marioprojectsource\debug\gamelevelcomplete.obj
c:\users\toby\onedrive - staffordshire university\year 1\games engine creation\visual studio files\visual studio files\marioprojectsource\debug\marioprojectsource.exe
c:\users\toby\onedrive - staffordshire university\year 1\games engine creation\visual studio files\visual studio files\marioprojectsource\debug\marioprojectsource.pdb
c:\users\toby\onedrive - staffordshire university\year 1\games engine creation\visual studio files\visual studio files\marioprojectsource\marioprojectsource\debug\mariopro.18c6b93c.tlog\cl.command.1.tlog
c:\users\toby\onedrive - staffordshire university\year 1\games engine creation\visual studio files\visual studio files\marioprojectsource\marioprojectsource\debug\mariopro.18c6b93c.tlog\cl.read.1.tlog
c:\users\toby\onedrive - staffordshire university\year 1\games engine creation\visual studio files\visual studio files\marioprojectsource\marioprojectsource\debug\mariopro.18c6b93c.tlog\cl.write.1.tlog
c:\users\toby\onedrive - staffordshire university\year 1\games engine creation\visual studio files\visual studio files\marioprojectsource\marioprojectsource\debug\mariopro.18c6b93c.tlog\link.command.1.tlog
c:\users\toby\onedrive - staffordshire university\year 1\games engine creation\visual studio files\visual studio files\marioprojectsource\marioprojectsource\debug\mariopro.18c6b93c.tlog\link.read.1.tlog
c:\users\toby\onedrive - staffordshire university\year 1\games engine creation\visual studio files\visual studio files\marioprojectsource\marioprojectsource\debug\mariopro.18c6b93c.tlog\link.write.1.tlog
